0 0.036979602695786484 1.2854356984855169 -0.02288464609845109
1 0.06777603739286808 1.1794034406468292 -0.03264505584199773
2 0.09319926072032486 1.0820497523853898 -0.03275601720921539
3 0.09339414130269319 1.0809332007004337 -0.032653449055333406
4 0.08210210546055974 1.0029963222704341 -0.016547102364248056
5 0.07276190068660554 0.919298311951708 -0.013508973893025411
6 0.06765513370413695 0.8389324508822056 -0.009601957036053266
7 0.061987347762879785 0.7646153611859612 -0.0045650769930485335
8 0.05564514011134558 0.6962603683970878 -0.00018983794543436794
9 0.049529088609197996 0.633517766550121 0.0030706873347474684
10 0.044054532417487774 0.5761364581797774 0.005414353286392615
11 0.03923216076759958 0.5238073241331986 0.007080605305997967
12 0.03497759780643803 0.47615997092475276 0.00822806828468714
13 0.03121712602179022 0.4328102666737654 0.008965631230023252
14 0.02789181497286497 0.39338766723154034 0.009379944953132657
15 0.024949613326110537 0.3575454254528074 0.00954354031939042
16 0.022343377229113753 0.32496343786890286 0.009516090873116667
17 0.020031342229347132 0.2953481485471781 0.009345598556941948
18 0.017977180165454937 0.26843125263854456 0.009070291198766789
19 0.016149443684601056 0.24396798306947814 0.008720510943455828
20 0.014520870509716954 0.22173531279342668 0.008320245230753809
21 0.013067777425581018 0.20153019151685686 0.007888331099941137
22 0.011769559022798276 0.18316786250857653 0.007439430666587921
23 0.010608261447245665 0.16648028255894354 0.006984833818691083
24 0.00956821508636091 0.15131465519520354 0.006533117195664406
25 0.00863571922436851 0.1375320780274384 0.006090682559776184
26 0.007798772443990187 0.12500630025690262 0.005662195699273731
27 0.0070468422559485655 0.11362258444369638 0.0052509438054406665
28 0.0063706680724513465 0.10327666589339807 0.0048591259484553895
29 0.005762092542487135 0.09387380275579438 0.004488088630724807
30 0.005213917022300285 0.08532790994672657 0.004138516309374118
31 0.004719777573005374 0.07756077021417529 0.0038105850534702057
32 0.0042740384140622645 0.07050131598975701 0.00350408606089303
33 0.0038717002278211843 0.06408497604164798 0.0032185245673468366
34 0.003508321109053497 0.05825308134371454 0.002953198696282744
35 0.0031799482917365673 0.05295232497976249 0.0027072619868770964
36 0.0028830590719143845 0.04813427129926279 0.002479772667355107
37 0.002614509587981345 0.04375490992387093 0.002269732188726614
38 0.002371490324543424 0.03977425056792272 0.0020761150790145066
39 0.0021514873788802125 0.036155954978241145 0.0018978918033907277
40 0.0019522486748500822 0.03286700261790926 0.0017340460074377617
41 0.0017717544320515477 0.02987738701486109 0.0015835872672171902
42 0.001608191301815276 0.02715983996964183 0.0014455602615948138
43 0.0014599296691232833 0.024689581068292665 0.0013190511112703973
44 0.001325503693462321 0.022444090177089926 0.0012031914886447836
45 0.001203593724067975 0.020402900807048985 0.0010971609877863386
46 0.001093010777767689 0.018547412428967958 0.0010001881494892118
47 0.0009926828123804354 0.0168607199956613 0.0009115504596208801
48 0.000901642566408345 0.015327459088228135 0.0008305735759419619
49 0.0008190167679340554 0.01393366524894385 0.0007566299873946747
50 0.0007440165428962697 0.012666646195878317 0.0006891372680963848
51 0.0006759288761112592 0.011514865734745583 0.000627556054307199
52 0.0006141089982141801 0.010467838292831433 0.0005713878451718557
53 0.0005579735885457571 0.00951603309912702 0.0005201727057260186
54 0.0005069946984470886 0.0086507871248786 0.0004734869326883384
55 0.0004606943117968776 0.007864225980536987 0.00043094072913385517
56 0.00041863947019663006 0.0071491920392720565 0.0003921759224869703
57 0.00038043789938246864 0.006499179124513477 0.00035686375108090473
58 0.0003457340812383636 0.005908273160047273 0.00032470273714757525
59 0.00031420572262624846 0.005371098236603644 0.00029541665829091457
