0 1.9583431388130579 3.2394494123344986 1.159697820670216
1 1.9258907745830225 3.2075083526185573 1.1912835720403352
2 1.9161009575226868 3.1982604646021255 1.2001994780922867
3 1.7426313240480336 3.1764977773122696 1.146716480020043
4 1.7995943341694487 3.190266975187489 1.4041197445683902
5 1.7503981365599013 3.1076395473822833 1.6154819490625052
6 1.6507542946396663 3.085633634476759 1.7177453687731494
7 1.6640374330183496 2.9986115753670304 1.830882672301013
8 1.5846084098445483 2.9563227375383394 1.907603502304965
9 1.574142074691351 2.908509258317196 1.9685494940616841
10 1.5417420958983807 2.8768446994591286 2.013231476768035
11 1.5209145768795493 2.847980578727247 2.0515844154001046
12 1.496748995948197 2.8249645304418283 2.0833896488976094
13 1.4754433141694547 2.8048983125971723 2.111037638720623
14 1.454361149284435 2.788075905270858 2.1347689709559314
15 1.4345839142727252 2.773677187949239 2.155379491095684
16 1.4156548766575419 2.7614856311103972 2.1732286459837615
17 1.3977144578984684 2.7511410442825848 2.188721119086005
18 1.3806703933038065 2.7424082698512944 2.202154209755977
19 1.3645128559003405 2.735060594274385 2.21379721103004
20 1.3492019675919296 2.728912000510737 2.2238762310460345
21 1.334707728565309 2.723798585204251 2.23258902214473
22 1.3209970351930655 2.7195792835024535 2.2401069315476883
23 1.308038116365069 2.71613124907027 2.2465796334889077
24 1.2957993004697834 2.7133477532283474 2.2521379047621917
25 1.284249508071063 2.7111358818551023 2.2568962629767935
26 1.2733582064266658 2.709414748578888 2.260955079606943
27 1.2630955110537674 2.708113917561026 2.2644024078790004
28 1.2534322365648005 2.707172061371832 2.267315539577656
29 1.24433995319803 2.7065357976164397 2.26976234919715
30 1.2357910327641426 2.70615868206255 2.2718024561771823
31 1.227758687782608 2.706000334121523 2.2734882334224227
32 1.2202170021407523 2.7060256768502686 2.2748656833628784
33 1.2131409530240551 2.706204276559759 2.2759751986815404
34 1.2065064232069904 2.7065097703313135 2.2768522207258086
35 1.2002902022170796 2.7069193727640535 2.2775278045046963
36 1.1944699734166164 2.7074134569159147 2.2780290939934384
37 1.18902428111179 2.7079752096178504 2.278379703631902
38 1.1839324657654855 2.7085903702285785 2.278599988071681
39 1.1791745426944102 2.7092470789867615 2.2787071551061238
40 1.1747309719108008 2.7099358968710927 2.278715119462118
41 1.1705822035381603 2.7106501386903004 2.2786338668430113
42 1.1667077315304846 2.711386850100648 2.2784677934424478
43 1.1630840025365015 2.7121492349874985 2.278211720191006
44 1.1596794761397256 2.7129526215961555 2.2778412175567344
45 1.156442056216764 2.713839764671098 2.277287912052991
46 1.1532647430217802 2.7149223886304217 2.276372626338799
47 1.1498929402694624 2.716491428946464 2.2746286843544423
48 1.1457936014185188 2.719164364757081 2.2710711507524235
49 1.1406344822699765 2.723299354015053 2.265151006523772
50 1.135027885775532 2.7281503541072714 2.258080734086622
51 1.1295442465255972 2.73303874794888 2.250957294055715
52 1.1243933566122377 2.7377171009397983 2.2441802298523803
53 1.1196316497151961 2.7421141647034686 2.2378564681346664
54 1.1152529090142598 2.746222843252998 2.2319895300935597
55 1.1112316509875217 2.750054989112436 2.226554018817185
56 1.1075384589672006 2.753627066905312 2.2215187318759395
57 1.1041449504826537 2.7569558543740955 2.216853221645214
58 1.1010250179528391 2.7600573691782917 2.2125292324092474
59 1.0981549459174285 2.7629466774175575 2.208520802324758
60 1.0955132391064506 2.765637911028021 2.204804084803991
61 1.0930804058100616 2.768144319041545 2.2013571486075887
62 1.0908387551211245 2.770478317522965 2.1981598019030058
63 1.0887722166239149 2.7726515350199326 2.195193439793476
64 1.0868661804119275 2.7746748551984264 2.1924409095029573
65 1.085107354355363 2.7765584578490596 2.189886389170328
66 1.0834836362287903 2.778311858656984 2.1875152779235583
67 1.081983998918394 2.779943947733811 2.1853140958062016
68 1.080598387288167 2.7814630267902687 2.18327039252886
69 1.079317625492394 2.782876844827103 2.1813726641989963
70 1.078133333660417 2.784192632255759 2.179610277283265
71 1.077037852988696 2.7854171333981816 2.177973399130351
72 1.0760241783706603 2.786556637346796 2.1764529344464574
73 1.075085897781636 2.7876170071903728 2.175040467173997
74 1.0742171377152825 2.7886037076303083 2.1737282072772204
75 1.0734125140403765 2.7895218310256538 2.1725089419869694
76 1.0726670877123543 2.790376121915409 2.1713759911004065
77 1.0719763248332828 2.7911710000738594 2.1703231659708027
78 1.0713360606074496 2.7919105821595207 2.169344731857894
79 1.070742466787758 2.7925987020213516 2.1684353733409787
80 1.0701920222513415 2.7932389297273383 2.1675901625255576
81 1.0696814863813715 2.793834589381064 2.166804529799847
82 1.069207874966775 2.794388775791239 2.166074236920692
83 1.0687684383623774 2.7949043700581253 2.1653953522289937
84 1.0683606416797045 2.7953840541390096 2.1647642278135106
85 1.0679821468032458 2.7958303244529135 2.1641774784585737
86 1.0676307960490141 2.796245504582341 2.163631962226456
87 1.067304597301744 2.7966317571274772 2.163124762538628
88 1.0670017104845475 2.796991094765606 2.162653171632472
89 1.0667204352303106 2.797325390565969 2.1622146752810005
90 1.0664591996379917 2.7976363876075836 2.1618069386732
91 1.0662165500091665 2.7979257079450552 2.1614277933614923
92 1.065991141471194 2.7981948609647973 2.1610752251910816
93 1.0657817294030436 2.7984452511716715 2.160747363133227
94 1.0655871615885386 2.798678185443625 2.1604424689512323
95 1.0654063710293897 2.7988948797897324 2.1601589276338795
96 1.0652383693573835 2.799096465644734 2.159895238536651
