0 1.3660211124127852
1 1.3207700923954946
2 1.3074842095721222
3 1.197820931724517
4 1.0968882009239116
5 0.9378827083139902
6 0.7930604668563408
7 0.7467003853883456
8 0.6320042646332436
9 0.5964485100167434
10 0.5466865207841286
11 0.5132023952442435
12 0.4794236664359278
13 0.45110886802458444
14 0.4249443420732565
15 0.40173380882187
16 0.3806753577461119
17 0.3616834518860136
18 0.3444534314478207
19 0.3288072396737963
20 0.31456032596464184
21 0.3015625600356826
22 0.2896798383281181
23 0.27879616228921894
24 0.26880971680808596
25 0.2596312870196048
26 0.2511823733542458
27 0.243393736160539
28 0.23620410939938796
29 0.22955911610483687
30 0.2234103408457848
31 0.21771454000513454
32 0.2124329672085585
33 0.20753079485786755
34 0.20297661356695687
35 0.1987419915422461
36 0.19480107408500094
37 0.1911301978283402
38 0.18770748120531117
39 0.18451232347586566
40 0.18152467960293095
41 0.17872382904424783
42 0.1760859988781831
43 0.17357929588073753
44 0.17115195217029217
45 0.16870277825730015
46 0.1660013434908827
47 0.16247587715592876
48 0.15692723635387124
49 0.14864739876291577
50 0.13904848874008663
51 0.12943171851764154
52 0.12027648478335112
53 0.11171725788414413
54 0.10376079827693614
55 0.09637630956448962
56 0.08952459160059346
57 0.08316679771209139
58 0.07726654278768733
59 0.07179017495264756
60 0.06670661809219035
61 0.06198715654544431
62 0.057605237428940095
63 0.05353629653603636
64 0.049757602683099436
65 0.046248116243884356
66 0.04298835941832487
67 0.03996029682596216
68 0.037147225476485676
69 0.034533673357066155
70 0.03210530596108849
71 0.029848840135452748
72 0.027751964668257648
73 0.02580326708096097
74 0.023992166129378455
75 0.02230884955644591
76 0.020744216675711177
77 0.01928982539802443
78 0.01793784334522741
79 0.016681002723395705
80 0.01551255865500859
81 0.014426250693866358
82 0.013416267269458618
83 0.012477212828135022
84 0.01160407745772884
85 0.010792208799744475
86 0.010037286069470389
87 0.009335296019003132
88 0.00868251069181321
89 0.00807546682976897
90 0.007510946804983589
91 0.006985960959056586
92 0.006497731241940346
93 0.006043676051221398
94 0.005621396180672189
95 0.00522866179402551
96 0.0048634003468181934
