0.8 1.0 2.2
0.8485035407584569 0.9428256926539178 2.132033203809714
0.8890504995242555 0.8870215865740391 2.074297490197405
0.9228856995490288 0.8333793306067643 2.0244719203216714
0.9510861552484539 0.7824236589762962 1.9808581267904182
0.9745703102656637 0.7344754386716104 1.942168779413168
0.9941145547978905 0.6897025383494015 1.9074079478112038
1.0103717266414425 0.6481600995393929 1.8757968164785903
1.0238890630967032 0.609821906034206 1.8467237221467177
1.0351244879559403 0.574604482679094 1.8197082972528857
1.0444608512751918 0.5423853839226958 1.7943744478588566
1.0522181097199301 0.5130169177428334 1.7704292846304601
1.0586636088796957 0.48633633185243047 1.7476463328879592
1.0640206968652377 0.4621732880496387 1.7258519819331295
1.0684759111621827 0.4403552766363399 1.704914480703741
1.0721849662526655 0.4207114781875931 1.6847349856854437
1.075277743469276 0.4030754629619858 1.6652402878609003
1.0778624552655989 0.3872870255119494 1.646376924110235
1.0800291278279408 0.37319337967314253 1.6281064335004312
1.0818525206555873 0.3606498832917728 1.6104015600840456
1.08339458007149 0.34952041941390505 1.5932432363539244
1.0847065055909748 0.33967752835605913 1.5766182081665359
1.0858304933481782 0.3310023607637373 1.5605171843064545
1.08680120890486 0.32338450357270804 1.5449334128315886
1.0876470322674214 0.31672171724420967 1.529861602497104
1.0883911103700088 0.31091961260519263 1.5152971213206226
1.0890522462542607 0.30589128820786116 1.5012354160477108
1.0896456493618614 0.30155694365760155 1.48767160617885
1.090183567487547 0.2978434803364884 1.4746002145671975
1.0906758178051281 0.29468409798901185 1.4620150036037096
1.0911302318114864 0.2920178934522422 1.4499088918628384
1.0915530269060063 0.28978946619327595 1.4382739309561716
1.0919491155387977 0.2879485341071337 1.4271013263810584
1.0923223613478439 0.286449562115158 1.4163814894851372
1.0926757904088507 0.2852514054055793 1.4061041104073093
1.093011764601777 0.2843169686156111 1.3962582440966038
1.0933321231249427 0.2836128818266177 1.3868324033344328
1.0936382973385637 0.28310919390128125 1.3778146541623342
1.0939314033772995 0.2827790834137172 1.3691927103054282
1.0942123163223152 0.28259858719591646 1.3609540241311697
1.0944817291563798 0.28254634633672826 1.3530858724354664
1.0947401992315116 0.2826033693157465 1.3455754359391
1.094988184549535 0.2827528118288908 1.3384098718361224
1.0952260717847078 0.28297977276130337 1.3315763790871313
1.0954541976578382 0.2832711056834461 1.3250622564147132
1.0956728649972745 0.28361524518543546 1.3188549531528377
1.0958823545884981 0.28400204732057993 1.3129421132408396
1.0960829337158697 0.28442264339977763 1.3073116127474083
1.096274862132921 0.28486930636203545 1.3019515913703608
1.096458396057383 0.2853353289412313 1.2968504783916295
1.0966337906702257 0.28581491285368593 1.291997013580304
1.0968013015010407 0.2863030682436241 1.287380263534737
1.0969611850022387 0.2867955226428297 1.2829896339418527
1.097113698549087 0.2872886387253555 1.278814878211085
1.0972591000494036 0.28777934016692763 1.2748461029144227
1.0973976473036788 0.28826504495060573 1.271073770434846
1.097529597221878 0.28874360549436856 1.267488699194511
1.09765520497568 0.2892132550118148 1.264082061802626
1.0977747231431916 0.2896725595533693 1.2608453814318001
1.0978884008861942 0.2901203752116984 1.2577705267014931
1.0979964831868338 0.290555810010945 1.2548497053183918
1.0980992101605969 0.2909781900345476 1.252075456696406
1.0981968164548577 0.29138702938042427 1.249440643753704
1.098289530736668 0.2917820035650053 1.246938444060834
1.0983775752693974 0.2921629260287753 1.2445623404925639
1.0984611655750145 0.2925297274255074 1.242306111516557
1.098540510176871 0.2928824374051942 1.2401638212343373
1.098615810416681 0.2932211686267324 1.23812980927409
1.0986872603387292 0.29354610276072685 1.2361986806205656
1.0987550466340983 0.29385747826532954 1.234365295454653
1.0988193486377344 0.2941555797389053 1.2326247590638637
1.0988803383714245 0.29444072867254356 1.2309724118749714
1.0989381806261171 0.29471327544308346 1.2294038196512298
1.0989930330774988 0.29497359240351895 1.2279147638888581
1.099045046429228 0.29522206794238326 1.2265012324407
1.0990943645787714 0.29545910139717946 1.225159410389076
1.0991411248013006 0.2956850987191351 1.223885671184729
1.0991854579476223 0.2959004687976141 1.2226765680643412
1.0992274886526043 0.296105620362546 1.2215288257553156
1.0992673355509952 0.2963009593922618 1.2204393324732385
1.0993051114979702 0.29648688696224024 1.2194051322147104
1.099340923792108 0.2966637974776211 1.2184234173458726
1.0993748743988454 0.2968320772388652 1.2174915214850004
1.0994070601727695 0.296992103295853 1.2166069126759145
1.099437573077375 0.2971442425509515 1.2157671868475952
1.0994665004011641 0.29728885107628233 1.2149700615543209
1.0994939249691726 0.29742627361462715 1.2142133699897413
1.0995199253491956 0.297556843237107 1.2134950552676314
1.099544576052146 0.29768088113410945 1.212813164961539
1.0995679477261162 0.29779869651887975 1.2121658458951305
1.0995901073438359 0.2979105866257853 1.2115513391748056
1.0996111183833208 0.2980168367875961 1.2109679754559446
1.0996310410015886 0.29811772057814984 1.21041417043409
1.099649932201397 0.29821350000857705 1.2098884205523508
1.0996678459910125 0.2983044257668641 1.2093892989163544
1.0996848335370772 0.29839073749191425 1.208915451408176
1.0997009433106735 0.2984726640745074 1.20846559299082
1.099716221226719 0.29855042397864595 1.2080385041949815
1.099730710776864 0.2986242255777103 1.207633027780032
1.099744453156058 0.29869426750067385 1.20724806556138
1.0997574873830027 0.29876073898437683 1.2068825753965944
1.0997698504146793 0.2988238202284546 1.2065355683229242
1.099781577255181 0.29888368275009247 1.2062061058391027
1.0997927010590658 0.29894048973624915 1.2058932973245726
1.0998032532294486 0.2989943963913986 1.2055962975895462
1.0998132635110625 0.29904555027921087 1.205314304549552
1.0998227600785015 0.2990940916568907 1.2050465570183988
1.09983176961987 0.2991401538011667 1.2047923326137286
